c:\users\araba\source\repos\adventofcode2015\x64\debug\vc142.pdb
c:\users\araba\source\repos\adventofcode2015\x64\debug\vc142.idb
c:\users\araba\source\repos\adventofcode2015\x64\debug\smmconsts.obj
c:\users\araba\source\repos\adventofcode2015\x64\debug\smmcomuni.obj
c:\users\araba\source\repos\adventofcode2015\x64\debug\md5.obj
c:\users\araba\source\repos\adventofcode2015\x64\debug\aoc2015.obj
c:\users\araba\source\repos\adventofcode2015\x64\debug\aoc08_15.obj
c:\users\araba\source\repos\adventofcode2015\x64\debug\aoc07_15.obj
c:\users\araba\source\repos\adventofcode2015\x64\debug\aoc06_15.obj
c:\users\araba\source\repos\adventofcode2015\x64\debug\aoc05_15.obj
c:\users\araba\source\repos\adventofcode2015\x64\debug\aoc04_15.obj
c:\users\araba\source\repos\adventofcode2015\x64\debug\aoc03_15.obj
c:\users\araba\source\repos\adventofcode2015\x64\debug\aoc02_15.obj
c:\users\araba\source\repos\adventofcode2015\x64\debug\aoc01_15.obj
c:\users\araba\source\repos\adventofcode2015\x64\debug\adventofcode1_15.obj
c:\users\araba\source\repos\adventofcode2015\x64\debug\adventofcode2015.pdb
c:\users\araba\source\repos\adventofcode2015\x64\debug\adventofcode2015.tlog\cl.command.1.tlog
c:\users\araba\source\repos\adventofcode2015\x64\debug\adventofcode2015.tlog\cl.read.1.tlog
c:\users\araba\source\repos\adventofcode2015\x64\debug\adventofcode2015.tlog\cl.write.1.tlog
c:\users\araba\source\repos\adventofcode2015\x64\debug\adventofcode2015.tlog\link-cvtres.read.1.tlog
c:\users\araba\source\repos\adventofcode2015\x64\debug\adventofcode2015.tlog\link-cvtres.write.1.tlog
c:\users\araba\source\repos\adventofcode2015\x64\debug\adventofcode2015.tlog\link-rc.read.1.tlog
c:\users\araba\source\repos\adventofcode2015\x64\debug\adventofcode2015.tlog\link-rc.write.1.tlog
c:\users\araba\source\repos\adventofcode2015\x64\debug\adventofcode2015.tlog\link.command.1.tlog
c:\users\araba\source\repos\adventofcode2015\x64\debug\adventofcode2015.tlog\link.read.1.tlog
c:\users\araba\source\repos\adventofcode2015\x64\debug\adventofcode2015.tlog\link.write.1.tlog
